[28.08.2019 15:22:30] Текст ошибки: Ошибочкаа | Файл: C:\OpenServer\OSPanel\domains\mobel.loc\public\index.php | Строка: 11
============
[28.08.2019 15:22:30] Текст ошибки: Ошибочкаа | Файл: C:\OpenServer\OSPanel\domains\mobel.loc\public\index.php | Строка: 11
============
[28.08.2019 15:22:49] Текст ошибки: Ошибочкаа | Файл: C:\OpenServer\OSPanel\domains\mobel.loc\public\index.php | Строка: 11
============
[28.08.2019 15:22:49] Текст ошибки: Ошибочкаа | Файл: C:\OpenServer\OSPanel\domains\mobel.loc\public\index.php | Строка: 11
============
[28.08.2019 15:22:57] Текст ошибки: Ошибочкаа | Файл: C:\OpenServer\OSPanel\domains\mobel.loc\public\index.php | Строка: 11
============
[28.08.2019 15:22:57] Текст ошибки: Ошибочкаа | Файл: C:\OpenServer\OSPanel\domains\mobel.loc\public\index.php | Строка: 11
============
[28.08.2019 15:24:35] Текст ошибки: Ошибочкаа | Файл: C:\OpenServer\OSPanel\domains\mobel.loc\public\index.php | Строка: 11
============
[28.08.2019 15:24:35] Текст ошибки: Ошибочкаа | Файл: C:\OpenServer\OSPanel\domains\mobel.loc\public\index.php | Строка: 11
============
[28.08.2019 15:24:43] Текст ошибки: Ошибочкаа | Файл: C:\OpenServer\OSPanel\domains\mobel.loc\public\index.php | Строка: 11
============
[28.08.2019 15:24:43] Текст ошибки: Ошибочкаа | Файл: C:\OpenServer\OSPanel\domains\mobel.loc\public\index.php | Строка: 11
============
[28.08.2019 16:07:28] Текст ошибки: Ошибочкаа | Файл: C:\OpenServer\OSPanel\domains\mobel.loc\public\index.php | Строка: 11
============
[28.08.2019 16:59:43] Текст ошибки: Ошибочкаа | Файл: C:\OpenServer\OSPanel\domains\mobel.loc\public\index.php | Строка: 11
============
[28.08.2019 17:01:26] Текст ошибки: Ошибочкаа | Файл: C:\OpenServer\OSPanel\domains\mobel.loc\public\index.php | Строка: 11
============
[28.08.2019 17:17:07] Текст ошибки: Ошибочкаа | Файл: C:\OpenServer\OSPanel\domains\mobel.loc\public\index.php | Строка: 11
============
[28.08.2019 17:17:07] Текст ошибки: Ошибочкаа | Файл: C:\OpenServer\OSPanel\domains\mobel.loc\public\index.php | Строка: 11
============
[28.08.2019 17:21:04] Текст ошибки: Ошибочкаа | Файл: C:\OpenServer\OSPanel\domains\mobel.loc\public\index.php | Строка: 11
============
[28.08.2019 17:21:07] Текст ошибки: Ошибочкаа | Файл: C:\OpenServer\OSPanel\domains\mobel.loc\public\index.php | Строка: 11
============
[28.08.2019 17:26:13] Текст ошибки: Ошибочкаа | Файл: C:\OpenServer\OSPanel\domains\mobel.loc\public\index.php | Строка: 11
============
[28.08.2019 17:26:17] Текст ошибки: Ошибочкаа | Файл: C:\OpenServer\OSPanel\domains\mobel.loc\public\index.php | Строка: 11
============
[28.08.2019 17:26:18] Текст ошибки: Ошибочкаа | Файл: C:\OpenServer\OSPanel\domains\mobel.loc\public\index.php | Строка: 11
============
[28.08.2019 17:26:19] Текст ошибки: Ошибочкаа | Файл: C:\OpenServer\OSPanel\domains\mobel.loc\public\index.php | Строка: 11
============
[28.08.2019 17:26:19] Текст ошибки: Ошибочкаа | Файл: C:\OpenServer\OSPanel\domains\mobel.loc\public\index.php | Строка: 11
============
[28.08.2019 17:26:20] Текст ошибки: Ошибочкаа | Файл: C:\OpenServer\OSPanel\domains\mobel.loc\public\index.php | Строка: 11
============
[28.08.2019 17:26:21] Текст ошибки: Ошибочкаа | Файл: C:\OpenServer\OSPanel\domains\mobel.loc\public\index.php | Строка: 11
============
[28.08.2019 17:26:21] Текст ошибки: Ошибочкаа | Файл: C:\OpenServer\OSPanel\domains\mobel.loc\public\index.php | Строка: 11
============
[28.08.2019 17:26:22] Текст ошибки: Ошибочкаа | Файл: C:\OpenServer\OSPanel\domains\mobel.loc\public\index.php | Строка: 11
============
[28.08.2019 17:26:22] Текст ошибки: Ошибочкаа | Файл: C:\OpenServer\OSPanel\domains\mobel.loc\public\index.php | Строка: 11
============
[28.08.2019 17:26:23] Текст ошибки: Ошибочкаа | Файл: C:\OpenServer\OSPanel\domains\mobel.loc\public\index.php | Строка: 11
============
[28.08.2019 17:26:23] Текст ошибки: Ошибочкаа | Файл: C:\OpenServer\OSPanel\domains\mobel.loc\public\index.php | Строка: 11
============
[28.08.2019 17:26:24] Текст ошибки: Ошибочкаа | Файл: C:\OpenServer\OSPanel\domains\mobel.loc\public\index.php | Строка: 11
============
[28.08.2019 17:26:25] Текст ошибки: Ошибочкаа | Файл: C:\OpenServer\OSPanel\domains\mobel.loc\public\index.php | Строка: 11
============
[28.08.2019 17:31:01] Текст ошибки: Ошибочкаа | Файл: C:\OpenServer\OSPanel\domains\mobel.loc\public\index.php | Строка: 11
============
[28.08.2019 17:31:07] Текст ошибки: Ошибочкаа | Файл: C:\OpenServer\OSPanel\domains\mobel.loc\public\index.php | Строка: 11
============
[28.08.2019 17:33:14] Текст ошибки: Ошибочкаа | Файл: C:\OpenServer\OSPanel\domains\mobel.loc\public\index.php | Строка: 11
============
[28.08.2019 17:33:21] Текст ошибки: Ошибочкаа | Файл: C:\OpenServer\OSPanel\domains\mobel.loc\public\index.php | Строка: 11
============
[28.08.2019 17:33:35] Текст ошибки: Ошибочкаа | Файл: C:\OpenServer\OSPanel\domains\mobel.loc\public\index.php | Строка: 11
============
[28.08.2019 17:33:39] Текст ошибки: Ошибочкаа | Файл: C:\OpenServer\OSPanel\domains\mobel.loc\public\index.php | Строка: 11
============
[28.08.2019 17:51:56] Текст ошибки: Ошибочкаа | Файл: C:\OpenServer\OSPanel\domains\mobel.loc\public\index.php | Строка: 11
============
[28.08.2019 17:51:57] Текст ошибки: Ошибочкаа | Файл: C:\OpenServer\OSPanel\domains\mobel.loc\public\index.php | Строка: 11
============
[28.08.2019 17:51:57] Текст ошибки: Ошибочкаа | Файл: C:\OpenServer\OSPanel\domains\mobel.loc\public\index.php | Строка: 11
============
[28.08.2019 17:51:58] Текст ошибки: Ошибочкаа | Файл: C:\OpenServer\OSPanel\domains\mobel.loc\public\index.php | Строка: 11
============
[28.08.2019 17:51:58] Текст ошибки: Ошибочкаа | Файл: C:\OpenServer\OSPanel\domains\mobel.loc\public\index.php | Строка: 11
============
[28.08.2019 17:51:59] Текст ошибки: Ошибочкаа | Файл: C:\OpenServer\OSPanel\domains\mobel.loc\public\index.php | Строка: 11
============
[28.08.2019 17:51:59] Текст ошибки: Ошибочкаа | Файл: C:\OpenServer\OSPanel\domains\mobel.loc\public\index.php | Строка: 11
============
[28.08.2019 17:52:00] Текст ошибки: Ошибочкаа | Файл: C:\OpenServer\OSPanel\domains\mobel.loc\public\index.php | Строка: 11
============
[28.08.2019 17:52:59] Текст ошибки: Ошибочкаа | Файл: C:\OpenServer\OSPanel\domains\mobel.loc\public\index.php | Строка: 11
============
[28.08.2019 17:53:04] Текст ошибки: Ошибочкаа | Файл: C:\OpenServer\OSPanel\domains\mobel.loc\public\index.php | Строка: 11
============
[28.08.2019 17:53:11] Текст ошибки: Ошибочкаа | Файл: C:\OpenServer\OSPanel\domains\mobel.loc\public\index.php | Строка: 11
============
[28.08.2019 17:53:17] Текст ошибки: Ошибочкаа | Файл: C:\OpenServer\OSPanel\domains\mobel.loc\public\index.php | Строка: 11
============
[28.08.2019 17:53:18] Текст ошибки: Ошибочкаа | Файл: C:\OpenServer\OSPanel\domains\mobel.loc\public\index.php | Строка: 11
============
[28.08.2019 17:53:19] Текст ошибки: Ошибочкаа | Файл: C:\OpenServer\OSPanel\domains\mobel.loc\public\index.php | Строка: 11
============
[28.08.2019 17:53:19] Текст ошибки: Ошибочкаа | Файл: C:\OpenServer\OSPanel\domains\mobel.loc\public\index.php | Строка: 11
============
[28.08.2019 17:53:20] Текст ошибки: Ошибочкаа | Файл: C:\OpenServer\OSPanel\domains\mobel.loc\public\index.php | Строка: 11
============
[28.08.2019 17:53:20] Текст ошибки: Ошибочкаа | Файл: C:\OpenServer\OSPanel\domains\mobel.loc\public\index.php | Строка: 11
============
[28.08.2019 17:53:21] Текст ошибки: Ошибочкаа | Файл: C:\OpenServer\OSPanel\domains\mobel.loc\public\index.php | Строка: 11
============
[28.08.2019 17:53:21] Текст ошибки: Ошибочкаа | Файл: C:\OpenServer\OSPanel\domains\mobel.loc\public\index.php | Строка: 11
============
[28.08.2019 17:53:22] Текст ошибки: Ошибочкаа | Файл: C:\OpenServer\OSPanel\domains\mobel.loc\public\index.php | Строка: 11
============
[28.08.2019 17:53:22] Текст ошибки: Ошибочкаа | Файл: C:\OpenServer\OSPanel\domains\mobel.loc\public\index.php | Строка: 11
============
[28.08.2019 17:53:38] Текст ошибки: Ошибочкаа | Файл: C:\OpenServer\OSPanel\domains\mobel.loc\public\index.php | Строка: 11
============
[28.08.2019 17:57:33] Текст ошибки: Ошибочкаа | Файл: C:\OpenServer\OSPanel\domains\mobel.loc\public\index.php | Строка: 11
============
[28.08.2019 17:57:37] Текст ошибки: Ошибочкаа | Файл: C:\OpenServer\OSPanel\domains\mobel.loc\public\index.php | Строка: 11
============
[28.08.2019 17:57:42] Текст ошибки: Ошибочкаа | Файл: C:\OpenServer\OSPanel\domains\mobel.loc\public\index.php | Строка: 11
============
[28.08.2019 17:57:51] Текст ошибки: Ошибочкаа | Файл: C:\OpenServer\OSPanel\domains\mobel.loc\public\index.php | Строка: 11
============
[28.08.2019 17:58:48] Текст ошибки: Ошибочкаа | Файл: C:\OpenServer\OSPanel\domains\mobel.loc\public\index.php | Строка: 11
============
[28.08.2019 17:58:49] Текст ошибки: Ошибочкаа | Файл: C:\OpenServer\OSPanel\domains\mobel.loc\public\index.php | Строка: 11
============
[28.08.2019 17:58:49] Текст ошибки: Ошибочкаа | Файл: C:\OpenServer\OSPanel\domains\mobel.loc\public\index.php | Строка: 11
============
[28.08.2019 17:59:18] Текст ошибки: Ошибочкаа | Файл: C:\OpenServer\OSPanel\domains\mobel.loc\public\index.php | Строка: 11
============
[28.08.2019 17:59:19] Текст ошибки: Ошибочкаа | Файл: C:\OpenServer\OSPanel\domains\mobel.loc\public\index.php | Строка: 11
============
[28.08.2019 17:59:19] Текст ошибки: Ошибочкаа | Файл: C:\OpenServer\OSPanel\domains\mobel.loc\public\index.php | Строка: 11
============
[28.08.2019 17:59:19] Текст ошибки: Ошибочкаа | Файл: C:\OpenServer\OSPanel\domains\mobel.loc\public\index.php | Строка: 11
============
[28.08.2019 17:59:19] Текст ошибки: Ошибочкаа | Файл: C:\OpenServer\OSPanel\domains\mobel.loc\public\index.php | Строка: 11
============
[28.08.2019 17:59:19] Текст ошибки: Ошибочкаа | Файл: C:\OpenServer\OSPanel\domains\mobel.loc\public\index.php | Строка: 11
============
[28.08.2019 17:59:20] Текст ошибки: Ошибочкаа | Файл: C:\OpenServer\OSPanel\domains\mobel.loc\public\index.php | Строка: 11
============
[28.08.2019 17:59:36] Текст ошибки: Ошибочкаа | Файл: C:\OpenServer\OSPanel\domains\mobel.loc\public\index.php | Строка: 11
============
[28.08.2019 17:59:36] Текст ошибки: Ошибочкаа | Файл: C:\OpenServer\OSPanel\domains\mobel.loc\public\index.php | Строка: 11
============
[28.08.2019 17:59:36] Текст ошибки: Ошибочкаа | Файл: C:\OpenServer\OSPanel\domains\mobel.loc\public\index.php | Строка: 11
============
[28.08.2019 21:19:55] Текст ошибки: Ошибочкаа | Файл: C:\OpenServer\OSPanel\domains\mobel.loc\public\index.php | Строка: 9
============
[28.08.2019 21:20:05] Текст ошибки: Ошибочкаа | Файл: C:\OpenServer\OSPanel\domains\mobel.loc\public\index.php | Строка: 9
============
[29.08.2019 10:46:23] Текст ошибки: Ошибочкаа | Файл: C:\OpenServer\OSPanel\domains\mobel.loc\public\index.php | Строка: 9
============
[30.08.2019 13:43:37] Текст ошибки: Страницы не существует | Файл: C:\OpenServer\OSPanel\domains\mobel.loc\vendor\mobel\core\Router.php | Строка: 37
============
[30.08.2019 13:43:41] Текст ошибки: Страницы не существует | Файл: C:\OpenServer\OSPanel\domains\mobel.loc\vendor\mobel\core\Router.php | Строка: 37
============
[30.08.2019 13:43:43] Текст ошибки: Страницы не существует | Файл: C:\OpenServer\OSPanel\domains\mobel.loc\vendor\mobel\core\Router.php | Строка: 37
============
[30.08.2019 13:44:39] Текст ошибки: Страницы не существует | Файл: C:\OpenServer\OSPanel\domains\mobel.loc\vendor\mobel\core\Router.php | Строка: 37
============
[30.08.2019 13:45:40] Текст ошибки: Страницы не существует | Файл: C:\OpenServer\OSPanel\domains\mobel.loc\vendor\mobel\core\Router.php | Строка: 37
============
[30.08.2019 13:45:48] Текст ошибки: Страницы не существует | Файл: C:\OpenServer\OSPanel\domains\mobel.loc\vendor\mobel\core\Router.php | Строка: 37
============
[30.08.2019 13:45:49] Текст ошибки: Страницы не существует | Файл: C:\OpenServer\OSPanel\domains\mobel.loc\vendor\mobel\core\Router.php | Строка: 37
============
[30.08.2019 13:45:50] Текст ошибки: Страницы не существует | Файл: C:\OpenServer\OSPanel\domains\mobel.loc\vendor\mobel\core\Router.php | Строка: 37
============
[30.08.2019 13:46:19] Текст ошибки: Страницы не существует | Файл: C:\OpenServer\OSPanel\domains\mobel.loc\vendor\mobel\core\Router.php | Строка: 37
============
[30.08.2019 13:46:25] Текст ошибки: Страницы не существует | Файл: C:\OpenServer\OSPanel\domains\mobel.loc\vendor\mobel\core\Router.php | Строка: 37
============
[30.08.2019 13:46:49] Текст ошибки: Страницы не существует | Файл: C:\OpenServer\OSPanel\domains\mobel.loc\vendor\mobel\core\Router.php | Строка: 37
============
[30.08.2019 13:51:21] Текст ошибки: Страницы не существует | Файл: C:\OpenServer\OSPanel\domains\mobel.loc\vendor\mobel\core\Router.php | Строка: 37
============
[30.08.2019 13:53:10] Текст ошибки: Страницы не существует | Файл: C:\OpenServer\OSPanel\domains\mobel.loc\vendor\mobel\core\Router.php | Строка: 37
============
[30.08.2019 13:53:11] Текст ошибки: Страницы не существует | Файл: C:\OpenServer\OSPanel\domains\mobel.loc\vendor\mobel\core\Router.php | Строка: 37
============
[30.08.2019 13:53:11] Текст ошибки: Страницы не существует | Файл: C:\OpenServer\OSPanel\domains\mobel.loc\vendor\mobel\core\Router.php | Строка: 37
============
[30.08.2019 13:53:11] Текст ошибки: Страницы не существует | Файл: C:\OpenServer\OSPanel\domains\mobel.loc\vendor\mobel\core\Router.php | Строка: 37
============
[30.08.2019 13:53:22] Текст ошибки: Страницы не существует | Файл: C:\OpenServer\OSPanel\domains\mobel.loc\vendor\mobel\core\Router.php | Строка: 37
============
[30.08.2019 13:53:33] Текст ошибки: Страницы не существует | Файл: C:\OpenServer\OSPanel\domains\mobel.loc\vendor\mobel\core\Router.php | Строка: 37
============
[30.08.2019 13:54:44] Текст ошибки: Страницы не существует | Файл: C:\OpenServer\OSPanel\domains\mobel.loc\vendor\mobel\core\Router.php | Строка: 37
============
[30.08.2019 13:54:57] Текст ошибки: Страницы не существует | Файл: C:\OpenServer\OSPanel\domains\mobel.loc\vendor\mobel\core\Router.php | Строка: 37
============
[30.08.2019 13:54:58] Текст ошибки: Страницы не существует | Файл: C:\OpenServer\OSPanel\domains\mobel.loc\vendor\mobel\core\Router.php | Строка: 37
============
[30.08.2019 13:54:58] Текст ошибки: Страницы не существует | Файл: C:\OpenServer\OSPanel\domains\mobel.loc\vendor\mobel\core\Router.php | Строка: 37
============
[30.08.2019 13:54:58] Текст ошибки: Страницы не существует | Файл: C:\OpenServer\OSPanel\domains\mobel.loc\vendor\mobel\core\Router.php | Строка: 37
============
[30.08.2019 13:56:05] Текст ошибки: Страницы не существует | Файл: C:\OpenServer\OSPanel\domains\mobel.loc\vendor\mobel\core\Router.php | Строка: 37
============
[30.08.2019 13:56:05] Текст ошибки: Страницы не существует | Файл: C:\OpenServer\OSPanel\domains\mobel.loc\vendor\mobel\core\Router.php | Строка: 37
============
[30.08.2019 13:56:05] Текст ошибки: Страницы не существует | Файл: C:\OpenServer\OSPanel\domains\mobel.loc\vendor\mobel\core\Router.php | Строка: 37
============
[30.08.2019 13:56:23] Текст ошибки: Страницы не существует | Файл: C:\OpenServer\OSPanel\domains\mobel.loc\vendor\mobel\core\Router.php | Строка: 37
============
[30.08.2019 13:56:23] Текст ошибки: Страницы не существует | Файл: C:\OpenServer\OSPanel\domains\mobel.loc\vendor\mobel\core\Router.php | Строка: 37
============
[30.08.2019 13:56:24] Текст ошибки: Страницы не существует | Файл: C:\OpenServer\OSPanel\domains\mobel.loc\vendor\mobel\core\Router.php | Строка: 37
============
[30.08.2019 13:56:52] Текст ошибки: Страницы не существует | Файл: C:\OpenServer\OSPanel\domains\mobel.loc\vendor\mobel\core\Router.php | Строка: 37
============
[30.08.2019 14:06:48] Текст ошибки: Страницы не существует | Файл: C:\OpenServer\OSPanel\domains\mobel.loc\vendor\mobel\core\Router.php | Строка: 37
============
[30.08.2019 14:07:30] Текст ошибки: Страницы не существует | Файл: C:\OpenServer\OSPanel\domains\mobel.loc\vendor\mobel\core\Router.php | Строка: 37
============
[30.08.2019 14:09:27] Текст ошибки: Страницы не существует | Файл: C:\OpenServer\OSPanel\domains\mobel.loc\vendor\mobel\core\Router.php | Строка: 37
============
[30.08.2019 14:09:38] Текст ошибки: Страницы не существует | Файл: C:\OpenServer\OSPanel\domains\mobel.loc\vendor\mobel\core\Router.php | Строка: 37
============
[30.08.2019 14:09:41] Текст ошибки: Страницы не существует | Файл: C:\OpenServer\OSPanel\domains\mobel.loc\vendor\mobel\core\Router.php | Строка: 37
============
[30.08.2019 15:22:10] Текст ошибки: Страницы не существует | Файл: C:\OpenServer\OSPanel\domains\mobel.loc\vendor\mobel\core\Router.php | Строка: 37
============
[30.08.2019 15:29:14] Текст ошибки: Страницы не существует | Файл: C:\OpenServer\OSPanel\domains\mobel.loc\vendor\mobel\core\Router.php | Строка: 37
============
[30.08.2019 17:29:43] Текст ошибки: Контроллер app\controllers\ChudoController не найден | Файл: C:\OpenServer\OSPanel\domains\mobel.loc\vendor\mobel\core\Router.php | Строка: 45
============
[30.08.2019 17:31:02] Текст ошибки: Контроллер app\controllers\ChudoController не найден | Файл: C:\OpenServer\OSPanel\domains\mobel.loc\vendor\mobel\core\Router.php | Строка: 45
============
[30.08.2019 17:41:52] Текст ошибки: Контроллер app\controllers\ChudoController не найден | Файл: C:\OpenServer\OSPanel\domains\mobel.loc\vendor\mobel\core\Router.php | Строка: 50
============
[30.08.2019 17:43:12] Текст ошибки: Контроллер app\controllers\ChudoController не найден | Файл: C:\OpenServer\OSPanel\domains\mobel.loc\vendor\mobel\core\Router.php | Строка: 50
============
[30.08.2019 17:43:12] Текст ошибки: Контроллер app\controllers\ChudoController не найден | Файл: C:\OpenServer\OSPanel\domains\mobel.loc\vendor\mobel\core\Router.php | Строка: 50
============
[30.08.2019 17:43:13] Текст ошибки: Контроллер app\controllers\ChudoController не найден | Файл: C:\OpenServer\OSPanel\domains\mobel.loc\vendor\mobel\core\Router.php | Строка: 50
============
[30.08.2019 17:43:17] Текст ошибки: Метод app\controllers\MainController::indexAction не найден | Файл: C:\OpenServer\OSPanel\domains\mobel.loc\vendor\mobel\core\Router.php | Строка: 47
============
[30.08.2019 17:43:45] Текст ошибки: Метод app\controllers\MainController::indexAction не найден | Файл: C:\OpenServer\OSPanel\domains\mobel.loc\vendor\mobel\core\Router.php | Строка: 47
============
[31.08.2019 13:07:11] Текст ошибки: Метод app\controllers\MainController::indexAction не найден | Файл: C:\OpenServer\OSPanel\domains\mobel.loc\vendor\mobel\core\Router.php | Строка: 47
============
[31.08.2019 13:07:12] Текст ошибки: Страницы не существует | Файл: C:\OpenServer\OSPanel\domains\mobel.loc\vendor\mobel\core\Router.php | Строка: 53
============
[31.08.2019 13:09:11] Текст ошибки: Контроллер app\controllers\manage\MainController не найден | Файл: C:\OpenServer\OSPanel\domains\mobel.loc\vendor\mobel\core\Router.php | Строка: 50
============
[31.08.2019 13:09:28] Текст ошибки: Контроллер app\controllers\manage\MainController не найден | Файл: C:\OpenServer\OSPanel\domains\mobel.loc\vendor\mobel\core\Router.php | Строка: 50
============
[31.08.2019 17:54:39] Текст ошибки: Контроллер app\controllers\manage\MainController не найден | Файл: C:\OpenServer\OSPanel\domains\mobel.loc\vendor\mobel\core\Router.php | Строка: 51
============
[02.09.2019 19:07:24] Текст ошибки: Страницы не существует | Файл: C:\OpenServer\OSPanel\domains\mobel.loc\vendor\mobel\core\Router.php | Строка: 55
============
[02.09.2019 19:07:55] Текст ошибки: Контроллер app\controllers\PhhpController не найден | Файл: C:\OpenServer\OSPanel\domains\mobel.loc\vendor\mobel\core\Router.php | Строка: 53
============
[03.09.2019 19:45:31] Текст ошибки: Страницы не существует | Файл: C:\OpenServer\OSPanel\domains\mobel.loc\vendor\mobel\core\Router.php | Строка: 55
============
[04.09.2019 13:56:43] Текст ошибки: SQLSTATE[42S22]: Column not found: 1054 Unknown column 'id2' in 'where clause' | Файл: C:\OpenServer\OSPanel\domains\mobel.loc\vendor\gabordemooij\redbean\RedBeanPHP\Driver\RPDO.php | Строка: 194
============
[04.09.2019 18:00:19] Текст ошибки: Expected array, integer given. | Файл: C:\OpenServer\OSPanel\domains\mobel.loc\vendor\gabordemooij\redbean\RedBeanPHP\Finder.php | Строка: 146
============
[04.09.2019 19:57:29] Текст ошибки: Страницы не существует | Файл: C:\OpenServer\OSPanel\domains\mobel.loc\vendor\mobel\core\Router.php | Строка: 55
============
[04.09.2019 20:30:29] Текст ошибки: Страницы не существует | Файл: C:\OpenServer\OSPanel\domains\mobel.loc\vendor\mobel\core\Router.php | Строка: 55
============
[04.09.2019 20:30:29] Текст ошибки: Страницы не существует | Файл: C:\OpenServer\OSPanel\domains\mobel.loc\vendor\mobel\core\Router.php | Строка: 55
============
[04.09.2019 20:30:29] Текст ошибки: Страницы не существует | Файл: C:\OpenServer\OSPanel\domains\mobel.loc\vendor\mobel\core\Router.php | Строка: 55
============
[04.09.2019 20:30:29] Текст ошибки: Страницы не существует | Файл: C:\OpenServer\OSPanel\domains\mobel.loc\vendor\mobel\core\Router.php | Строка: 55
============
[04.09.2019 20:30:29] Текст ошибки: Страницы не существует | Файл: C:\OpenServer\OSPanel\domains\mobel.loc\vendor\mobel\core\Router.php | Строка: 55
============
[04.09.2019 20:30:29] Текст ошибки: Страницы не существует | Файл: C:\OpenServer\OSPanel\domains\mobel.loc\vendor\mobel\core\Router.php | Строка: 55
============
[04.09.2019 20:30:29] Текст ошибки: Страницы не существует | Файл: C:\OpenServer\OSPanel\domains\mobel.loc\vendor\mobel\core\Router.php | Строка: 55
============
[04.09.2019 20:30:29] Текст ошибки: Страницы не существует | Файл: C:\OpenServer\OSPanel\domains\mobel.loc\vendor\mobel\core\Router.php | Строка: 55
============
[04.09.2019 20:30:29] Текст ошибки: Страницы не существует | Файл: C:\OpenServer\OSPanel\domains\mobel.loc\vendor\mobel\core\Router.php | Строка: 55
============
[04.09.2019 20:30:29] Текст ошибки: Страницы не существует | Файл: C:\OpenServer\OSPanel\domains\mobel.loc\vendor\mobel\core\Router.php | Строка: 55
============
[04.09.2019 20:30:29] Текст ошибки: Страницы не существует | Файл: C:\OpenServer\OSPanel\domains\mobel.loc\vendor\mobel\core\Router.php | Строка: 55
============
[04.09.2019 20:30:29] Текст ошибки: Страницы не существует | Файл: C:\OpenServer\OSPanel\domains\mobel.loc\vendor\mobel\core\Router.php | Строка: 55
============
[04.09.2019 20:30:29] Текст ошибки: Страницы не существует | Файл: C:\OpenServer\OSPanel\domains\mobel.loc\vendor\mobel\core\Router.php | Строка: 55
============
[04.09.2019 20:30:29] Текст ошибки: Страницы не существует | Файл: C:\OpenServer\OSPanel\domains\mobel.loc\vendor\mobel\core\Router.php | Строка: 55
============
[04.09.2019 20:30:29] Текст ошибки: Страницы не существует | Файл: C:\OpenServer\OSPanel\domains\mobel.loc\vendor\mobel\core\Router.php | Строка: 55
============
[04.09.2019 20:30:29] Текст ошибки: Страницы не существует | Файл: C:\OpenServer\OSPanel\domains\mobel.loc\vendor\mobel\core\Router.php | Строка: 55
============
[04.09.2019 20:30:29] Текст ошибки: Страницы не существует | Файл: C:\OpenServer\OSPanel\domains\mobel.loc\vendor\mobel\core\Router.php | Строка: 55
============
[04.09.2019 20:30:29] Текст ошибки: Страницы не существует | Файл: C:\OpenServer\OSPanel\domains\mobel.loc\vendor\mobel\core\Router.php | Строка: 55
============
[04.09.2019 20:30:29] Текст ошибки: Страницы не существует | Файл: C:\OpenServer\OSPanel\domains\mobel.loc\vendor\mobel\core\Router.php | Строка: 55
============
[04.09.2019 20:30:29] Текст ошибки: Страницы не существует | Файл: C:\OpenServer\OSPanel\domains\mobel.loc\vendor\mobel\core\Router.php | Строка: 55
============
[04.09.2019 20:30:29] Текст ошибки: Страницы не существует | Файл: C:\OpenServer\OSPanel\domains\mobel.loc\vendor\mobel\core\Router.php | Строка: 55
============
[04.09.2019 20:30:29] Текст ошибки: Страницы не существует | Файл: C:\OpenServer\OSPanel\domains\mobel.loc\vendor\mobel\core\Router.php | Строка: 55
============
[04.09.2019 20:30:29] Текст ошибки: Страницы не существует | Файл: C:\OpenServer\OSPanel\domains\mobel.loc\vendor\mobel\core\Router.php | Строка: 55
============
[04.09.2019 20:30:29] Текст ошибки: Страницы не существует | Файл: C:\OpenServer\OSPanel\domains\mobel.loc\vendor\mobel\core\Router.php | Строка: 55
============
[04.09.2019 20:30:29] Текст ошибки: Страницы не существует | Файл: C:\OpenServer\OSPanel\domains\mobel.loc\vendor\mobel\core\Router.php | Строка: 55
============
[04.09.2019 20:30:29] Текст ошибки: Страницы не существует | Файл: C:\OpenServer\OSPanel\domains\mobel.loc\vendor\mobel\core\Router.php | Строка: 55
============
[04.09.2019 20:30:29] Текст ошибки: Страницы не существует | Файл: C:\OpenServer\OSPanel\domains\mobel.loc\vendor\mobel\core\Router.php | Строка: 55
============
[04.09.2019 20:30:29] Текст ошибки: Страницы не существует | Файл: C:\OpenServer\OSPanel\domains\mobel.loc\vendor\mobel\core\Router.php | Строка: 55
============
[04.09.2019 20:30:29] Текст ошибки: Страницы не существует | Файл: C:\OpenServer\OSPanel\domains\mobel.loc\vendor\mobel\core\Router.php | Строка: 55
============
[04.09.2019 20:30:29] Текст ошибки: Страницы не существует | Файл: C:\OpenServer\OSPanel\domains\mobel.loc\vendor\mobel\core\Router.php | Строка: 55
============
[04.09.2019 20:30:29] Текст ошибки: Страницы не существует | Файл: C:\OpenServer\OSPanel\domains\mobel.loc\vendor\mobel\core\Router.php | Строка: 55
============
[04.09.2019 20:30:29] Текст ошибки: Страницы не существует | Файл: C:\OpenServer\OSPanel\domains\mobel.loc\vendor\mobel\core\Router.php | Строка: 55
============
[04.09.2019 20:30:29] Текст ошибки: Страницы не существует | Файл: C:\OpenServer\OSPanel\domains\mobel.loc\vendor\mobel\core\Router.php | Строка: 55
============
[04.09.2019 20:30:29] Текст ошибки: Страницы не существует | Файл: C:\OpenServer\OSPanel\domains\mobel.loc\vendor\mobel\core\Router.php | Строка: 55
============
[04.09.2019 20:30:29] Текст ошибки: Страницы не существует | Файл: C:\OpenServer\OSPanel\domains\mobel.loc\vendor\mobel\core\Router.php | Строка: 55
============
[04.09.2019 20:30:29] Текст ошибки: Страницы не существует | Файл: C:\OpenServer\OSPanel\domains\mobel.loc\vendor\mobel\core\Router.php | Строка: 55
============
[04.09.2019 20:30:30] Текст ошибки: Страницы не существует | Файл: C:\OpenServer\OSPanel\domains\mobel.loc\vendor\mobel\core\Router.php | Строка: 55
============
[04.09.2019 20:32:49] Текст ошибки: Страницы не существует | Файл: C:\OpenServer\OSPanel\domains\mobel.loc\vendor\mobel\core\Router.php | Строка: 55
============
[05.09.2019 10:50:25] Текст ошибки: Страницы не существует | Файл: C:\OpenServer\OSPanel\domains\mobel.loc\vendor\mobel\core\Router.php | Строка: 55
============
[05.09.2019 11:01:54] Текст ошибки: Страницы не существует | Файл: C:\OpenServer\OSPanel\domains\mobel.loc\vendor\mobel\core\Router.php | Строка: 55
============
[05.09.2019 11:15:58] Текст ошибки: Страницы не существует | Файл: C:\OpenServer\OSPanel\domains\mobel.loc\vendor\mobel\core\Router.php | Строка: 55
============
[05.09.2019 11:16:38] Текст ошибки: Страницы не существует | Файл: C:\OpenServer\OSPanel\domains\mobel.loc\vendor\mobel\core\Router.php | Строка: 55
============
[05.09.2019 11:16:39] Текст ошибки: Страницы не существует | Файл: C:\OpenServer\OSPanel\domains\mobel.loc\vendor\mobel\core\Router.php | Строка: 55
============
[05.09.2019 11:16:39] Текст ошибки: Страницы не существует | Файл: C:\OpenServer\OSPanel\domains\mobel.loc\vendor\mobel\core\Router.php | Строка: 55
============
[05.09.2019 11:16:40] Текст ошибки: Страницы не существует | Файл: C:\OpenServer\OSPanel\domains\mobel.loc\vendor\mobel\core\Router.php | Строка: 55
============
[05.09.2019 11:19:07] Текст ошибки: Страницы не существует | Файл: C:\OpenServer\OSPanel\domains\mobel.loc\vendor\mobel\core\Router.php | Строка: 55
============
[05.09.2019 11:24:12] Текст ошибки: Страницы не существует | Файл: C:\OpenServer\OSPanel\domains\mobel.loc\vendor\mobel\core\Router.php | Строка: 55
============
[05.09.2019 11:24:12] Текст ошибки: Страницы не существует | Файл: C:\OpenServer\OSPanel\domains\mobel.loc\vendor\mobel\core\Router.php | Строка: 55
============
[05.09.2019 11:24:13] Текст ошибки: Страницы не существует | Файл: C:\OpenServer\OSPanel\domains\mobel.loc\vendor\mobel\core\Router.php | Строка: 55
============
[05.09.2019 11:24:47] Текст ошибки: Страницы не существует | Файл: C:\OpenServer\OSPanel\domains\mobel.loc\vendor\mobel\core\Router.php | Строка: 55
============
[05.09.2019 11:24:48] Текст ошибки: Страницы не существует | Файл: C:\OpenServer\OSPanel\domains\mobel.loc\vendor\mobel\core\Router.php | Строка: 55
============
[05.09.2019 11:24:49] Текст ошибки: Страницы не существует | Файл: C:\OpenServer\OSPanel\domains\mobel.loc\vendor\mobel\core\Router.php | Строка: 55
============
[05.09.2019 11:24:50] Текст ошибки: Страницы не существует | Файл: C:\OpenServer\OSPanel\domains\mobel.loc\vendor\mobel\core\Router.php | Строка: 55
============
[05.09.2019 11:24:51] Текст ошибки: Страницы не существует | Файл: C:\OpenServer\OSPanel\domains\mobel.loc\vendor\mobel\core\Router.php | Строка: 55
============
[05.09.2019 11:25:03] Текст ошибки: Страницы не существует | Файл: C:\OpenServer\OSPanel\domains\mobel.loc\vendor\mobel\core\Router.php | Строка: 55
============
[05.09.2019 11:25:04] Текст ошибки: Страницы не существует | Файл: C:\OpenServer\OSPanel\domains\mobel.loc\vendor\mobel\core\Router.php | Строка: 55
============
[05.09.2019 11:25:04] Текст ошибки: Страницы не существует | Файл: C:\OpenServer\OSPanel\domains\mobel.loc\vendor\mobel\core\Router.php | Строка: 55
============
[05.09.2019 11:25:05] Текст ошибки: Страницы не существует | Файл: C:\OpenServer\OSPanel\domains\mobel.loc\vendor\mobel\core\Router.php | Строка: 55
============
[05.09.2019 11:25:06] Текст ошибки: Страницы не существует | Файл: C:\OpenServer\OSPanel\domains\mobel.loc\vendor\mobel\core\Router.php | Строка: 55
============
[05.09.2019 11:25:45] Текст ошибки: Страницы не существует | Файл: C:\OpenServer\OSPanel\domains\mobel.loc\vendor\mobel\core\Router.php | Строка: 55
============
[05.09.2019 11:25:45] Текст ошибки: Страницы не существует | Файл: C:\OpenServer\OSPanel\domains\mobel.loc\vendor\mobel\core\Router.php | Строка: 55
============
[05.09.2019 11:25:46] Текст ошибки: Страницы не существует | Файл: C:\OpenServer\OSPanel\domains\mobel.loc\vendor\mobel\core\Router.php | Строка: 55
============
[05.09.2019 11:25:47] Текст ошибки: Страницы не существует | Файл: C:\OpenServer\OSPanel\domains\mobel.loc\vendor\mobel\core\Router.php | Строка: 55
============
[05.09.2019 11:25:48] Текст ошибки: Страницы не существует | Файл: C:\OpenServer\OSPanel\domains\mobel.loc\vendor\mobel\core\Router.php | Строка: 55
============
[05.09.2019 11:25:48] Текст ошибки: Страницы не существует | Файл: C:\OpenServer\OSPanel\domains\mobel.loc\vendor\mobel\core\Router.php | Строка: 55
============
[05.09.2019 11:26:07] Текст ошибки: Страницы не существует | Файл: C:\OpenServer\OSPanel\domains\mobel.loc\vendor\mobel\core\Router.php | Строка: 55
============
[05.09.2019 11:26:08] Текст ошибки: Страницы не существует | Файл: C:\OpenServer\OSPanel\domains\mobel.loc\vendor\mobel\core\Router.php | Строка: 55
============
[05.09.2019 11:26:09] Текст ошибки: Страницы не существует | Файл: C:\OpenServer\OSPanel\domains\mobel.loc\vendor\mobel\core\Router.php | Строка: 55
============
[05.09.2019 11:27:14] Текст ошибки: Страницы не существует | Файл: C:\OpenServer\OSPanel\domains\mobel.loc\vendor\mobel\core\Router.php | Строка: 55
============
[05.09.2019 11:27:52] Текст ошибки: Страницы не существует | Файл: C:\OpenServer\OSPanel\domains\mobel.loc\vendor\mobel\core\Router.php | Строка: 55
============
[05.09.2019 11:27:56] Текст ошибки: Страницы не существует | Файл: C:\OpenServer\OSPanel\domains\mobel.loc\vendor\mobel\core\Router.php | Строка: 55
============
[05.09.2019 11:27:57] Текст ошибки: Страницы не существует | Файл: C:\OpenServer\OSPanel\domains\mobel.loc\vendor\mobel\core\Router.php | Строка: 55
============
[05.09.2019 11:31:55] Текст ошибки: Страницы не существует | Файл: C:\OpenServer\OSPanel\domains\mobel.loc\vendor\mobel\core\Router.php | Строка: 55
============
[05.09.2019 11:33:40] Текст ошибки: Страницы не существует | Файл: C:\OpenServer\OSPanel\domains\mobel.loc\vendor\mobel\core\Router.php | Строка: 55
============
[05.09.2019 11:34:05] Текст ошибки: Страницы не существует | Файл: C:\OpenServer\OSPanel\domains\mobel.loc\vendor\mobel\core\Router.php | Строка: 55
============
[05.09.2019 11:34:07] Текст ошибки: Страницы не существует | Файл: C:\OpenServer\OSPanel\domains\mobel.loc\vendor\mobel\core\Router.php | Строка: 55
============
[05.09.2019 11:34:07] Текст ошибки: Страницы не существует | Файл: C:\OpenServer\OSPanel\domains\mobel.loc\vendor\mobel\core\Router.php | Строка: 55
============
[05.09.2019 11:34:19] Текст ошибки: Страницы не существует | Файл: C:\OpenServer\OSPanel\domains\mobel.loc\vendor\mobel\core\Router.php | Строка: 55
============
[05.09.2019 11:34:21] Текст ошибки: Страницы не существует | Файл: C:\OpenServer\OSPanel\domains\mobel.loc\vendor\mobel\core\Router.php | Строка: 55
============
[05.09.2019 11:34:21] Текст ошибки: Страницы не существует | Файл: C:\OpenServer\OSPanel\domains\mobel.loc\vendor\mobel\core\Router.php | Строка: 55
============
[05.09.2019 11:39:19] Текст ошибки: Страницы не существует | Файл: C:\OpenServer\OSPanel\domains\mobel.loc\vendor\mobel\core\Router.php | Строка: 55
============
[05.09.2019 11:40:38] Текст ошибки: Страницы не существует | Файл: C:\OpenServer\OSPanel\domains\mobel.loc\vendor\mobel\core\Router.php | Строка: 55
============
[05.09.2019 11:41:03] Текст ошибки: Страницы не существует | Файл: C:\OpenServer\OSPanel\domains\mobel.loc\vendor\mobel\core\Router.php | Строка: 55
============
[05.09.2019 11:41:19] Текст ошибки: Страницы не существует | Файл: C:\OpenServer\OSPanel\domains\mobel.loc\vendor\mobel\core\Router.php | Строка: 55
============
[05.09.2019 11:41:20] Текст ошибки: Страницы не существует | Файл: C:\OpenServer\OSPanel\domains\mobel.loc\vendor\mobel\core\Router.php | Строка: 55
============
[05.09.2019 11:41:21] Текст ошибки: Страницы не существует | Файл: C:\OpenServer\OSPanel\domains\mobel.loc\vendor\mobel\core\Router.php | Строка: 55
============
[05.09.2019 11:41:22] Текст ошибки: Страницы не существует | Файл: C:\OpenServer\OSPanel\domains\mobel.loc\vendor\mobel\core\Router.php | Строка: 55
============
[05.09.2019 11:41:23] Текст ошибки: Страницы не существует | Файл: C:\OpenServer\OSPanel\domains\mobel.loc\vendor\mobel\core\Router.php | Строка: 55
============
[05.09.2019 11:42:51] Текст ошибки: Страницы не существует | Файл: C:\OpenServer\OSPanel\domains\mobel.loc\vendor\mobel\core\Router.php | Строка: 55
============
[05.09.2019 11:42:52] Текст ошибки: Страницы не существует | Файл: C:\OpenServer\OSPanel\domains\mobel.loc\vendor\mobel\core\Router.php | Строка: 55
============
[05.09.2019 11:42:53] Текст ошибки: Страницы не существует | Файл: C:\OpenServer\OSPanel\domains\mobel.loc\vendor\mobel\core\Router.php | Строка: 55
============
[05.09.2019 11:42:54] Текст ошибки: Страницы не существует | Файл: C:\OpenServer\OSPanel\domains\mobel.loc\vendor\mobel\core\Router.php | Строка: 55
============
[05.09.2019 11:43:04] Текст ошибки: Страницы не существует | Файл: C:\OpenServer\OSPanel\domains\mobel.loc\vendor\mobel\core\Router.php | Строка: 55
============
[05.09.2019 11:48:40] Текст ошибки: Страницы не существует | Файл: C:\OpenServer\OSPanel\domains\mobel.loc\vendor\mobel\core\Router.php | Строка: 55
============
[05.09.2019 11:48:48] Текст ошибки: Страницы не существует | Файл: C:\OpenServer\OSPanel\domains\mobel.loc\vendor\mobel\core\Router.php | Строка: 55
============
[05.09.2019 11:48:49] Текст ошибки: Страницы не существует | Файл: C:\OpenServer\OSPanel\domains\mobel.loc\vendor\mobel\core\Router.php | Строка: 55
============
[05.09.2019 11:48:49] Текст ошибки: Страницы не существует | Файл: C:\OpenServer\OSPanel\domains\mobel.loc\vendor\mobel\core\Router.php | Строка: 55
============
[05.09.2019 12:51:36] Текст ошибки: Страницы не существует | Файл: C:\OpenServer\OSPanel\domains\mobel.loc\vendor\mobel\core\Router.php | Строка: 55
============
[05.09.2019 12:53:09] Текст ошибки: Страницы не существует | Файл: C:\OpenServer\OSPanel\domains\mobel.loc\vendor\mobel\core\Router.php | Строка: 55
============
[05.09.2019 12:53:37] Текст ошибки: Страницы не существует | Файл: C:\OpenServer\OSPanel\domains\mobel.loc\vendor\mobel\core\Router.php | Строка: 55
============
[05.09.2019 12:54:26] Текст ошибки: Страницы не существует | Файл: C:\OpenServer\OSPanel\domains\mobel.loc\vendor\mobel\core\Router.php | Строка: 55
============
[05.09.2019 12:54:27] Текст ошибки: Страницы не существует | Файл: C:\OpenServer\OSPanel\domains\mobel.loc\vendor\mobel\core\Router.php | Строка: 55
============
[05.09.2019 12:54:27] Текст ошибки: Страницы не существует | Файл: C:\OpenServer\OSPanel\domains\mobel.loc\vendor\mobel\core\Router.php | Строка: 55
============
[05.09.2019 12:54:56] Текст ошибки: Страницы не существует | Файл: C:\OpenServer\OSPanel\domains\mobel.loc\vendor\mobel\core\Router.php | Строка: 55
============
[05.09.2019 12:54:57] Текст ошибки: Страницы не существует | Файл: C:\OpenServer\OSPanel\domains\mobel.loc\vendor\mobel\core\Router.php | Строка: 55
============
[05.09.2019 12:54:58] Текст ошибки: Страницы не существует | Файл: C:\OpenServer\OSPanel\domains\mobel.loc\vendor\mobel\core\Router.php | Строка: 55
============
[05.09.2019 12:55:23] Текст ошибки: Страницы не существует | Файл: C:\OpenServer\OSPanel\domains\mobel.loc\vendor\mobel\core\Router.php | Строка: 55
============
[05.09.2019 12:56:09] Текст ошибки: Страницы не существует | Файл: C:\OpenServer\OSPanel\domains\mobel.loc\vendor\mobel\core\Router.php | Строка: 55
============
[05.09.2019 12:58:01] Текст ошибки: Страницы не существует | Файл: C:\OpenServer\OSPanel\domains\mobel.loc\vendor\mobel\core\Router.php | Строка: 55
============
[05.09.2019 18:14:50] Текст ошибки: Страницы не существует | Файл: C:\OpenServer\OSPanel\domains\mobel.loc\vendor\mobel\core\Router.php | Строка: 55
============
[05.09.2019 18:14:58] Текст ошибки: Страницы не существует | Файл: C:\OpenServer\OSPanel\domains\mobel.loc\vendor\mobel\core\Router.php | Строка: 55
============
[05.09.2019 18:15:38] Текст ошибки: Страницы не существует | Файл: C:\OpenServer\OSPanel\domains\mobel.loc\vendor\mobel\core\Router.php | Строка: 55
============
[10.09.2019 14:46:18] Текст ошибки: Контроллер app\controllers\MainController не найден | Файл: C:\OpenServer\OSPanel\domains\mobel.loc\vendor\mobel\core\Router.php | Строка: 52
============
[10.09.2019 17:08:58] Текст ошибки: Страницы не существует | Файл: C:\OpenServer\OSPanel\domains\mobel.loc\vendor\mobel\core\Router.php | Строка: 55
============
[10.09.2019 18:00:54] Текст ошибки: Страницы не существует | Файл: C:\OpenServer\OSPanel\domains\mobel.loc\vendor\mobel\core\Router.php | Строка: 55
============
[10.09.2019 18:33:06] Текст ошибки: Страницы не существует | Файл: C:\OpenServer\OSPanel\domains\mobel.loc\vendor\mobel\core\Router.php | Строка: 55
============
[11.09.2019 09:08:58] Текст ошибки: Страницы не существует | Файл: C:\OpenServer\OSPanel\domains\mobel.loc\vendor\mobel\core\Router.php | Строка: 55
============
[11.09.2019 09:08:58] Текст ошибки: Страницы не существует | Файл: C:\OpenServer\OSPanel\domains\mobel.loc\vendor\mobel\core\Router.php | Строка: 55
============
[11.09.2019 09:08:58] Текст ошибки: Страницы не существует | Файл: C:\OpenServer\OSPanel\domains\mobel.loc\vendor\mobel\core\Router.php | Строка: 55
============
[11.09.2019 09:08:58] Текст ошибки: Страницы не существует | Файл: C:\OpenServer\OSPanel\domains\mobel.loc\vendor\mobel\core\Router.php | Строка: 55
============
[11.09.2019 09:08:58] Текст ошибки: Страницы не существует | Файл: C:\OpenServer\OSPanel\domains\mobel.loc\vendor\mobel\core\Router.php | Строка: 55
============
[11.09.2019 09:08:58] Текст ошибки: Страницы не существует | Файл: C:\OpenServer\OSPanel\domains\mobel.loc\vendor\mobel\core\Router.php | Строка: 55
============
[11.09.2019 09:08:58] Текст ошибки: Страницы не существует | Файл: C:\OpenServer\OSPanel\domains\mobel.loc\vendor\mobel\core\Router.php | Строка: 55
============
[11.09.2019 09:08:58] Текст ошибки: Страницы не существует | Файл: C:\OpenServer\OSPanel\domains\mobel.loc\vendor\mobel\core\Router.php | Строка: 55
============
[11.09.2019 09:08:58] Текст ошибки: Страницы не существует | Файл: C:\OpenServer\OSPanel\domains\mobel.loc\vendor\mobel\core\Router.php | Строка: 55
============
[11.09.2019 09:08:58] Текст ошибки: Страницы не существует | Файл: C:\OpenServer\OSPanel\domains\mobel.loc\vendor\mobel\core\Router.php | Строка: 55
============
[11.09.2019 09:08:58] Текст ошибки: Страницы не существует | Файл: C:\OpenServer\OSPanel\domains\mobel.loc\vendor\mobel\core\Router.php | Строка: 55
============
[11.09.2019 09:08:58] Текст ошибки: Страницы не существует | Файл: C:\OpenServer\OSPanel\domains\mobel.loc\vendor\mobel\core\Router.php | Строка: 55
============
[11.09.2019 09:08:59] Текст ошибки: Страницы не существует | Файл: C:\OpenServer\OSPanel\domains\mobel.loc\vendor\mobel\core\Router.php | Строка: 55
============
[11.09.2019 10:25:45] Текст ошибки: Страницы не существует | Файл: C:\OpenServer\OSPanel\domains\mobel.loc\vendor\mobel\core\Router.php | Строка: 55
============
[11.09.2019 10:25:48] Текст ошибки: Страницы не существует | Файл: C:\OpenServer\OSPanel\domains\mobel.loc\vendor\mobel\core\Router.php | Строка: 55
============
[12.09.2019 09:35:02] Текст ошибки: Контроллер app\controllers\RingsController не найден | Файл: C:\OpenServer\OSPanel\domains\mobel.loc\vendor\mobel\core\Router.php | Строка: 52
============
[12.09.2019 18:33:46] Текст ошибки: Страницы не существует | Файл: C:\OpenServer\OSPanel\domains\mobel.loc\vendor\mobel\core\Router.php | Строка: 55
============
[13.09.2019 14:42:03] Текст ошибки: Контроллер app\controllers\RingsController не найден | Файл: C:\OpenServer\OSPanel\domains\mobel.loc\vendor\mobel\core\Router.php | Строка: 52
============
[13.09.2019 15:08:10] Текст ошибки: SQLSTATE[42000]: Syntax error or access violation: 1064 You have an error in your SQL syntax; check the manual that corresponds to your MySQL server version for the right syntax to use near 'AND LIMIT 5  -- keep-cache' at line 1 | Файл: C:\OpenServer\OSPanel\domains\mobel.loc\vendor\gabordemooij\redbean\RedBeanPHP\Driver\RPDO.php | Строка: 194
============
[13.09.2019 15:08:31] Текст ошибки: SQLSTATE[42S02]: Base table or view not found: 1146 Table 'jewelry.products' doesn't exist | Файл: C:\OpenServer\OSPanel\domains\mobel.loc\vendor\gabordemooij\redbean\RedBeanPHP\Driver\RPDO.php | Строка: 194
============
[13.09.2019 15:08:32] Текст ошибки: SQLSTATE[42S02]: Base table or view not found: 1146 Table 'jewelry.products' doesn't exist | Файл: C:\OpenServer\OSPanel\domains\mobel.loc\vendor\gabordemooij\redbean\RedBeanPHP\Driver\RPDO.php | Строка: 194
============
[13.09.2019 15:08:32] Текст ошибки: SQLSTATE[42S02]: Base table or view not found: 1146 Table 'jewelry.products' doesn't exist | Файл: C:\OpenServer\OSPanel\domains\mobel.loc\vendor\gabordemooij\redbean\RedBeanPHP\Driver\RPDO.php | Строка: 194
============
[13.09.2019 15:08:52] Текст ошибки: SQLSTATE[42000]: Syntax error or access violation: 1064 You have an error in your SQL syntax; check the manual that corresponds to your MySQL server version for the right syntax to use near 'AND LIMIT 5  -- keep-cache' at line 1 | Файл: C:\OpenServer\OSPanel\domains\mobel.loc\vendor\gabordemooij\redbean\RedBeanPHP\Driver\RPDO.php | Строка: 194
============
[13.09.2019 16:56:03] Текст ошибки: Контроллер app\controllers\NewcollController не найден | Файл: C:\OpenServer\OSPanel\domains\mobel.loc\vendor\mobel\core\Router.php | Строка: 52
============
[13.09.2019 16:58:21] Текст ошибки: Контроллер app\controllers\PromotionsController не найден | Файл: C:\OpenServer\OSPanel\domains\mobel.loc\vendor\mobel\core\Router.php | Строка: 52
============
[16.09.2019 11:18:14] Текст ошибки: Страницы не существует | Файл: C:\OpenServer\OSPanel\domains\mobel.loc\vendor\mobel\core\Router.php | Строка: 55
============
[16.09.2019 11:33:22] Текст ошибки: Страницы не существует | Файл: C:\OpenServer\OSPanel\domains\mobel.loc\vendor\mobel\core\Router.php | Строка: 55
============
[16.09.2019 11:33:23] Текст ошибки: Страницы не существует | Файл: C:\OpenServer\OSPanel\domains\mobel.loc\vendor\mobel\core\Router.php | Строка: 55
============
[16.09.2019 11:37:39] Текст ошибки: Страницы не существует | Файл: C:\OpenServer\OSPanel\domains\mobel.loc\vendor\mobel\core\Router.php | Строка: 55
============
[16.09.2019 11:37:39] Текст ошибки: Страницы не существует | Файл: C:\OpenServer\OSPanel\domains\mobel.loc\vendor\mobel\core\Router.php | Строка: 55
============
[16.09.2019 11:37:39] Текст ошибки: Страницы не существует | Файл: C:\OpenServer\OSPanel\domains\mobel.loc\vendor\mobel\core\Router.php | Строка: 55
============
[16.09.2019 11:37:39] Текст ошибки: Страницы не существует | Файл: C:\OpenServer\OSPanel\domains\mobel.loc\vendor\mobel\core\Router.php | Строка: 55
============
[16.09.2019 11:37:40] Текст ошибки: Страницы не существует | Файл: C:\OpenServer\OSPanel\domains\mobel.loc\vendor\mobel\core\Router.php | Строка: 55
============
[16.09.2019 11:37:40] Текст ошибки: Страницы не существует | Файл: C:\OpenServer\OSPanel\domains\mobel.loc\vendor\mobel\core\Router.php | Строка: 55
============
[16.09.2019 11:37:40] Текст ошибки: Страницы не существует | Файл: C:\OpenServer\OSPanel\domains\mobel.loc\vendor\mobel\core\Router.php | Строка: 55
============
[16.09.2019 11:37:40] Текст ошибки: Страницы не существует | Файл: C:\OpenServer\OSPanel\domains\mobel.loc\vendor\mobel\core\Router.php | Строка: 55
============
[16.09.2019 11:37:40] Текст ошибки: Страницы не существует | Файл: C:\OpenServer\OSPanel\domains\mobel.loc\vendor\mobel\core\Router.php | Строка: 55
============
[16.09.2019 11:37:41] Текст ошибки: Страницы не существует | Файл: C:\OpenServer\OSPanel\domains\mobel.loc\vendor\mobel\core\Router.php | Строка: 55
============
[16.09.2019 11:37:41] Текст ошибки: Страницы не существует | Файл: C:\OpenServer\OSPanel\domains\mobel.loc\vendor\mobel\core\Router.php | Строка: 55
============
[16.09.2019 11:38:52] Текст ошибки: Страницы не существует | Файл: C:\OpenServer\OSPanel\domains\mobel.loc\vendor\mobel\core\Router.php | Строка: 55
============
[16.09.2019 11:38:52] Текст ошибки: Страницы не существует | Файл: C:\OpenServer\OSPanel\domains\mobel.loc\vendor\mobel\core\Router.php | Строка: 55
============
[16.09.2019 11:38:52] Текст ошибки: Страницы не существует | Файл: C:\OpenServer\OSPanel\domains\mobel.loc\vendor\mobel\core\Router.php | Строка: 55
============
[16.09.2019 11:38:53] Текст ошибки: Страницы не существует | Файл: C:\OpenServer\OSPanel\domains\mobel.loc\vendor\mobel\core\Router.php | Строка: 55
============
[16.09.2019 11:38:53] Текст ошибки: Страницы не существует | Файл: C:\OpenServer\OSPanel\domains\mobel.loc\vendor\mobel\core\Router.php | Строка: 55
============
[16.09.2019 11:38:54] Текст ошибки: Страницы не существует | Файл: C:\OpenServer\OSPanel\domains\mobel.loc\vendor\mobel\core\Router.php | Строка: 55
============
[16.09.2019 11:38:54] Текст ошибки: Страницы не существует | Файл: C:\OpenServer\OSPanel\domains\mobel.loc\vendor\mobel\core\Router.php | Строка: 55
============
[16.09.2019 11:38:54] Текст ошибки: Страницы не существует | Файл: C:\OpenServer\OSPanel\domains\mobel.loc\vendor\mobel\core\Router.php | Строка: 55
============
[16.09.2019 11:38:54] Текст ошибки: Страницы не существует | Файл: C:\OpenServer\OSPanel\domains\mobel.loc\vendor\mobel\core\Router.php | Строка: 55
============
[16.09.2019 11:41:14] Текст ошибки: Страницы не существует | Файл: C:\OpenServer\OSPanel\domains\mobel.loc\vendor\mobel\core\Router.php | Строка: 55
============
[16.09.2019 11:41:14] Текст ошибки: Страницы не существует | Файл: C:\OpenServer\OSPanel\domains\mobel.loc\vendor\mobel\core\Router.php | Строка: 55
============
[16.09.2019 11:41:14] Текст ошибки: Страницы не существует | Файл: C:\OpenServer\OSPanel\domains\mobel.loc\vendor\mobel\core\Router.php | Строка: 55
============
[16.09.2019 12:04:52] Текст ошибки: Страницы не существует | Файл: C:\OpenServer\OSPanel\domains\mobel.loc\vendor\mobel\core\Router.php | Строка: 55
============
[16.09.2019 12:04:52] Текст ошибки: Страницы не существует | Файл: C:\OpenServer\OSPanel\domains\mobel.loc\vendor\mobel\core\Router.php | Строка: 55
============
[16.09.2019 12:04:52] Текст ошибки: Страницы не существует | Файл: C:\OpenServer\OSPanel\domains\mobel.loc\vendor\mobel\core\Router.php | Строка: 55
============
[16.09.2019 21:24:11] Текст ошибки: SQLSTATE[42000]: Syntax error or access violation: 1064 You have an error in your SQL syntax; check the manual that corresponds to your MySQL server version for the right syntax to use near 'symbol_left symbol_right value base FROM currency ORDER BY base DESC' at line 1 | Файл: C:\OpenServer\OSPanel\domains\mobel.loc\vendor\gabordemooij\redbean\RedBeanPHP\Driver\RPDO.php | Строка: 194
============
[17.09.2019 16:57:36] Текст ошибки: Контроллер app\controllers\NewcollController не найден | Файл: C:\OpenServer\OSPanel\domains\mobel.loc\vendor\mobel\core\Router.php | Строка: 52
============
[17.09.2019 17:20:45] Текст ошибки: Страницы не существует | Файл: C:\OpenServer\OSPanel\domains\mobel.loc\vendor\mobel\core\Router.php | Строка: 55
============
[17.09.2019 17:20:59] Текст ошибки: Страницы не существует | Файл: C:\OpenServer\OSPanel\domains\mobel.loc\vendor\mobel\core\Router.php | Строка: 55
============
[17.09.2019 17:23:00] Текст ошибки: Страницы не существует | Файл: C:\OpenServer\OSPanel\domains\mobel.loc\vendor\mobel\core\Router.php | Строка: 55
============
[17.09.2019 17:23:41] Текст ошибки: Страницы не существует | Файл: C:\OpenServer\OSPanel\domains\mobel.loc\vendor\mobel\core\Router.php | Строка: 55
============
[17.09.2019 17:39:06] Текст ошибки: Страницы не существует | Файл: C:\OpenServer\OSPanel\domains\mobel.loc\vendor\mobel\core\Router.php | Строка: 55
============
[17.09.2019 17:40:45] Текст ошибки: Страницы не существует | Файл: C:\OpenServer\OSPanel\domains\mobel.loc\vendor\mobel\core\Router.php | Строка: 55
============
[17.09.2019 17:40:49] Текст ошибки: Страницы не существует | Файл: C:\OpenServer\OSPanel\domains\mobel.loc\vendor\mobel\core\Router.php | Строка: 55
============
[17.09.2019 17:42:17] Текст ошибки: Страницы не существует | Файл: C:\OpenServer\OSPanel\domains\mobel.loc\vendor\mobel\core\Router.php | Строка: 55
============
[17.09.2019 17:42:28] Текст ошибки: Страницы не существует | Файл: C:\OpenServer\OSPanel\domains\mobel.loc\vendor\mobel\core\Router.php | Строка: 55
============
[17.09.2019 17:43:28] Текст ошибки: Страницы не существует | Файл: C:\OpenServer\OSPanel\domains\mobel.loc\vendor\mobel\core\Router.php | Строка: 55
============
[17.09.2019 17:44:17] Текст ошибки: Страницы не существует | Файл: C:\OpenServer\OSPanel\domains\mobel.loc\vendor\mobel\core\Router.php | Строка: 55
============
[17.09.2019 17:44:46] Текст ошибки: Страницы не существует | Файл: C:\OpenServer\OSPanel\domains\mobel.loc\vendor\mobel\core\Router.php | Строка: 55
============
[17.09.2019 17:44:54] Текст ошибки: Страницы не существует | Файл: C:\OpenServer\OSPanel\domains\mobel.loc\vendor\mobel\core\Router.php | Строка: 55
============
[17.09.2019 17:46:31] Текст ошибки: Страницы не существует | Файл: C:\OpenServer\OSPanel\domains\mobel.loc\vendor\mobel\core\Router.php | Строка: 55
============
[17.09.2019 17:47:11] Текст ошибки: Страницы не существует | Файл: C:\OpenServer\OSPanel\domains\mobel.loc\vendor\mobel\core\Router.php | Строка: 55
============
[17.09.2019 17:48:00] Текст ошибки: Страницы не существует | Файл: C:\OpenServer\OSPanel\domains\mobel.loc\vendor\mobel\core\Router.php | Строка: 55
============
[17.09.2019 17:48:21] Текст ошибки: Страницы не существует | Файл: C:\OpenServer\OSPanel\domains\mobel.loc\vendor\mobel\core\Router.php | Строка: 55
============
[17.09.2019 17:49:59] Текст ошибки: Страницы не существует | Файл: C:\OpenServer\OSPanel\domains\mobel.loc\vendor\mobel\core\Router.php | Строка: 55
============
[17.09.2019 17:50:29] Текст ошибки: Страницы не существует | Файл: C:\OpenServer\OSPanel\domains\mobel.loc\vendor\mobel\core\Router.php | Строка: 55
============
[17.09.2019 17:52:42] Текст ошибки: Страницы не существует | Файл: C:\OpenServer\OSPanel\domains\mobel.loc\vendor\mobel\core\Router.php | Строка: 55
============
[17.09.2019 17:55:42] Текст ошибки: Страницы не существует | Файл: C:\OpenServer\OSPanel\domains\mobel.loc\vendor\mobel\core\Router.php | Строка: 55
============
[17.09.2019 17:57:45] Текст ошибки: Страницы не существует | Файл: C:\OpenServer\OSPanel\domains\mobel.loc\vendor\mobel\core\Router.php | Строка: 55
============
[17.09.2019 17:57:54] Текст ошибки: Страницы не существует | Файл: C:\OpenServer\OSPanel\domains\mobel.loc\vendor\mobel\core\Router.php | Строка: 55
============
[17.09.2019 17:58:52] Текст ошибки: Страницы не существует | Файл: C:\OpenServer\OSPanel\domains\mobel.loc\vendor\mobel\core\Router.php | Строка: 55
============
[18.09.2019 09:53:20] Текст ошибки: Страницы не существует | Файл: C:\OpenServer\OSPanel\domains\mobel.loc\vendor\mobel\core\Router.php | Строка: 55
============
[18.09.2019 09:54:44] Текст ошибки: Страницы не существует | Файл: C:\OpenServer\OSPanel\domains\mobel.loc\vendor\mobel\core\Router.php | Строка: 55
============
[18.09.2019 10:03:32] Текст ошибки: Страницы не существует | Файл: C:\OpenServer\OSPanel\domains\mobel.loc\vendor\mobel\core\Router.php | Строка: 55
============
[18.09.2019 10:04:07] Текст ошибки: Страницы не существует | Файл: C:\OpenServer\OSPanel\domains\mobel.loc\vendor\mobel\core\Router.php | Строка: 55
============
[18.09.2019 10:04:47] Текст ошибки: Страницы не существует | Файл: C:\OpenServer\OSPanel\domains\mobel.loc\vendor\mobel\core\Router.php | Строка: 55
============
[18.09.2019 10:11:39] Текст ошибки: Страницы не существует | Файл: C:\OpenServer\OSPanel\domains\mobel.loc\vendor\mobel\core\Router.php | Строка: 55
============
[18.09.2019 10:17:10] Текст ошибки: Страницы не существует | Файл: C:\OpenServer\OSPanel\domains\mobel.loc\vendor\mobel\core\Router.php | Строка: 55
============
[18.09.2019 10:18:24] Текст ошибки: Страницы не существует | Файл: C:\OpenServer\OSPanel\domains\mobel.loc\vendor\mobel\core\Router.php | Строка: 55
============
[18.09.2019 10:19:05] Текст ошибки: Страницы не существует | Файл: C:\OpenServer\OSPanel\domains\mobel.loc\vendor\mobel\core\Router.php | Строка: 55
============
[18.09.2019 10:21:05] Текст ошибки: Страницы не существует | Файл: C:\OpenServer\OSPanel\domains\mobel.loc\vendor\mobel\core\Router.php | Строка: 55
============
[18.09.2019 10:21:39] Текст ошибки: Страницы не существует | Файл: C:\OpenServer\OSPanel\domains\mobel.loc\vendor\mobel\core\Router.php | Строка: 55
============
[18.09.2019 10:22:03] Текст ошибки: Страницы не существует | Файл: C:\OpenServer\OSPanel\domains\mobel.loc\vendor\mobel\core\Router.php | Строка: 55
============
[18.09.2019 10:27:53] Текст ошибки: Страницы не существует | Файл: C:\OpenServer\OSPanel\domains\mobel.loc\vendor\mobel\core\Router.php | Строка: 55
============
[18.09.2019 10:28:24] Текст ошибки: Страницы не существует | Файл: C:\OpenServer\OSPanel\domains\mobel.loc\vendor\mobel\core\Router.php | Строка: 55
============
[18.09.2019 10:28:47] Текст ошибки: Страницы не существует | Файл: C:\OpenServer\OSPanel\domains\mobel.loc\vendor\mobel\core\Router.php | Строка: 55
============
[18.09.2019 10:30:52] Текст ошибки: Страницы не существует | Файл: C:\OpenServer\OSPanel\domains\mobel.loc\vendor\mobel\core\Router.php | Строка: 55
============
[18.09.2019 10:35:04] Текст ошибки: Страницы не существует | Файл: C:\OpenServer\OSPanel\domains\mobel.loc\vendor\mobel\core\Router.php | Строка: 55
============
[18.09.2019 10:35:07] Текст ошибки: Вид по адресу C:\OpenServer\OSPanel\domains\mobel.loc/app/views/Currency/change.php не был найден | Файл: C:\OpenServer\OSPanel\domains\mobel.loc\vendor\mobel\core\base\View.php | Строка: 49
============
[18.09.2019 10:35:08] Текст ошибки: Вид по адресу C:\OpenServer\OSPanel\domains\mobel.loc/app/views/Currency/change.php не был найден | Файл: C:\OpenServer\OSPanel\domains\mobel.loc\vendor\mobel\core\base\View.php | Строка: 49
============
[18.09.2019 10:35:08] Текст ошибки: Страницы не существует | Файл: C:\OpenServer\OSPanel\domains\mobel.loc\vendor\mobel\core\Router.php | Строка: 55
============
[18.09.2019 10:36:50] Текст ошибки: Вид по адресу C:\OpenServer\OSPanel\domains\mobel.loc/app/views/Currency/change.php не был найден | Файл: C:\OpenServer\OSPanel\domains\mobel.loc\vendor\mobel\core\base\View.php | Строка: 49
============
[18.09.2019 10:36:50] Текст ошибки: Вид по адресу C:\OpenServer\OSPanel\domains\mobel.loc/app/views/Currency/change.php не был найден | Файл: C:\OpenServer\OSPanel\domains\mobel.loc\vendor\mobel\core\base\View.php | Строка: 49
============
[18.09.2019 10:36:51] Текст ошибки: Страницы не существует | Файл: C:\OpenServer\OSPanel\domains\mobel.loc\vendor\mobel\core\Router.php | Строка: 55
============
[18.09.2019 10:39:35] Текст ошибки: Вид по адресу C:\OpenServer\OSPanel\domains\mobel.loc/app/views/Currency/change.php не был найден | Файл: C:\OpenServer\OSPanel\domains\mobel.loc\vendor\mobel\core\base\View.php | Строка: 49
============
[18.09.2019 10:39:35] Текст ошибки: Вид по адресу C:\OpenServer\OSPanel\domains\mobel.loc/app/views/Currency/change.php не был найден | Файл: C:\OpenServer\OSPanel\domains\mobel.loc\vendor\mobel\core\base\View.php | Строка: 49
============
[18.09.2019 10:39:36] Текст ошибки: Страницы не существует | Файл: C:\OpenServer\OSPanel\domains\mobel.loc\vendor\mobel\core\Router.php | Строка: 55
============
[18.09.2019 10:40:30] Текст ошибки: Страницы не существует | Файл: C:\OpenServer\OSPanel\domains\mobel.loc\vendor\mobel\core\Router.php | Строка: 55
============
[18.09.2019 10:40:40] Текст ошибки: Страницы не существует | Файл: C:\OpenServer\OSPanel\domains\mobel.loc\vendor\mobel\core\Router.php | Строка: 55
============
[18.09.2019 10:40:43] Текст ошибки: Страницы не существует | Файл: C:\OpenServer\OSPanel\domains\mobel.loc\vendor\mobel\core\Router.php | Строка: 55
============
[18.09.2019 10:41:44] Текст ошибки: Вид по адресу C:\OpenServer\OSPanel\domains\mobel.loc/app/views/Currency/change.php не был найден | Файл: C:\OpenServer\OSPanel\domains\mobel.loc\vendor\mobel\core\base\View.php | Строка: 49
============
[18.09.2019 10:41:44] Текст ошибки: Вид по адресу C:\OpenServer\OSPanel\domains\mobel.loc/app/views/Currency/change.php не был найден | Файл: C:\OpenServer\OSPanel\domains\mobel.loc\vendor\mobel\core\base\View.php | Строка: 49
============
[18.09.2019 10:41:45] Текст ошибки: Страницы не существует | Файл: C:\OpenServer\OSPanel\domains\mobel.loc\vendor\mobel\core\Router.php | Строка: 55
============
[18.09.2019 10:44:49] Текст ошибки: Страницы не существует | Файл: C:\OpenServer\OSPanel\domains\mobel.loc\vendor\mobel\core\Router.php | Строка: 55
============
[18.09.2019 10:44:57] Текст ошибки: Страницы не существует | Файл: C:\OpenServer\OSPanel\domains\mobel.loc\vendor\mobel\core\Router.php | Строка: 55
============
[18.09.2019 10:44:59] Текст ошибки: Вид по адресу C:\OpenServer\OSPanel\domains\mobel.loc/app/views/Currency/change.php не был найден | Файл: C:\OpenServer\OSPanel\domains\mobel.loc\vendor\mobel\core\base\View.php | Строка: 49
============
[18.09.2019 10:44:59] Текст ошибки: Вид по адресу C:\OpenServer\OSPanel\domains\mobel.loc/app/views/Currency/change.php не был найден | Файл: C:\OpenServer\OSPanel\domains\mobel.loc\vendor\mobel\core\base\View.php | Строка: 49
============
[18.09.2019 10:44:59] Текст ошибки: Страницы не существует | Файл: C:\OpenServer\OSPanel\domains\mobel.loc\vendor\mobel\core\Router.php | Строка: 55
============
[18.09.2019 10:45:55] Текст ошибки: Страницы не существует | Файл: C:\OpenServer\OSPanel\domains\mobel.loc\vendor\mobel\core\Router.php | Строка: 55
============
[18.09.2019 10:45:57] Текст ошибки: Вид по адресу C:\OpenServer\OSPanel\domains\mobel.loc/app/views/Currency/change.php не был найден | Файл: C:\OpenServer\OSPanel\domains\mobel.loc\vendor\mobel\core\base\View.php | Строка: 49
============
[18.09.2019 10:45:57] Текст ошибки: Вид по адресу C:\OpenServer\OSPanel\domains\mobel.loc/app/views/Currency/change.php не был найден | Файл: C:\OpenServer\OSPanel\domains\mobel.loc\vendor\mobel\core\base\View.php | Строка: 49
============
[18.09.2019 10:45:58] Текст ошибки: Страницы не существует | Файл: C:\OpenServer\OSPanel\domains\mobel.loc\vendor\mobel\core\Router.php | Строка: 55
============
[18.09.2019 10:46:13] Текст ошибки: Страницы не существует | Файл: C:\OpenServer\OSPanel\domains\mobel.loc\vendor\mobel\core\Router.php | Строка: 55
============
[19.09.2019 12:34:07] Текст ошибки: Страницы не существует | Файл: C:\OpenServer\OSPanel\domains\mobel.loc\vendor\mobel\core\Router.php | Строка: 55
============
[19.09.2019 12:36:22] Текст ошибки: SQLSTATE[42000]: Syntax error or access violation: 1064 You have an error in your SQL syntax; check the manual that corresponds to your MySQL server version for the right syntax to use near '0  -- keep-cache' at line 1 | Файл: C:\OpenServer\OSPanel\domains\mobel.loc\vendor\gabordemooij\redbean\RedBeanPHP\Driver\RPDO.php | Строка: 194
============
[23.09.2019 10:58:40] Текст ошибки: Страницы не существует | Файл: C:\OpenServer\OSPanel\domains\mobel.loc\vendor\mobel\core\Router.php | Строка: 55
============
[25.09.2019 14:27:48] Текст ошибки: Страницы не существует | Файл: C:\OpenServer\OSPanel\domains\mobel.loc\vendor\mobel\core\Router.php | Строка: 55
============
[29.11.2019 18:36:17] Текст ошибки: Не удалось соединиться с БД | Файл: C:\OpenServer\OSPanel\domains\mobel.loc\vendor\mobel\core\Db.php | Строка: 15
============
[29.11.2019 18:36:17] Текст ошибки: Страницы не существует | Файл: C:\OpenServer\OSPanel\domains\mobel.loc\vendor\mobel\core\Router.php | Строка: 55
============
[11.12.2019 15:19:55] Текст ошибки: Страницы не существует | Файл: C:\OpenServer\OSPanel\domains\mobel.loc\vendor\mobel\core\Router.php | Строка: 55
============
[11.12.2019 15:28:34] Текст ошибки: Страницы не существует | Файл: C:\OpenServer\OSPanel\domains\mobel.loc\vendor\mobel\core\Router.php | Строка: 55
============
[11.12.2019 23:04:14] Текст ошибки: Страницы не существует | Файл: C:\OpenServer\OSPanel\domains\mobel.loc\vendor\mobel\core\Router.php | Строка: 55
============
